2025-07-31 00:58:21,229 - SENTIMENT_MANAGER - INFO - ============================================================
2025-07-31 00:58:21,229 - SENTIMENT_MANAGER - INFO - SENTIMENT DATA MANAGER STARTED
2025-07-31 00:58:21,229 - SENTIMENT_MANAGER - INFO - ============================================================
2025-07-31 00:58:21,237 - SENTIMENT_MANAGER - INFO - Update interval: 30 minutes
2025-07-31 00:58:21,237 - SENTIMENT_MANAGER - INFO - Sentiment threshold: 60%
2025-07-31 00:58:21,237 - SENTIMENT_MANAGER - INFO - Monitored pairs: 12
2025-07-31 00:58:21,237 - SENTIMENT_MANAGER - INFO - Output file: sentiment_signals.json
2025-07-31 00:58:21,237 - SENTIMENT_MANAGER - INFO - ============================================================
2025-07-31 00:58:21,237 - SENTIMENT_MANAGER - INFO - 🕐 Starting sentiment scheduler...
2025-07-31 00:58:21,237 - SENTIMENT_MANAGER - INFO - 🚀 Running initial sentiment update...
2025-07-31 00:58:21,237 - SENTIMENT_MANAGER - INFO - ⏰ Running scheduled sentiment update...
2025-07-31 00:58:21,237 - SENTIMENT_MANAGER - INFO - 🚀 Starting sentiment signal update...
2025-07-31 00:58:21,237 - SENTIMENT_MANAGER - INFO - 🔄 Fetching sentiment data from MyFXBook...
2025-07-31 00:58:22,517 - SENTIMENT_MANAGER - INFO - 📊 Found 72 symbols to process
2025-07-31 00:58:22,992 - SENTIMENT_MANAGER - INFO - ✅ Successfully scraped 144 sentiment records
2025-07-31 00:58:22,992 - SENTIMENT_MANAGER - INFO - 🔄 Processing sentiment data into trading signals...
2025-07-31 00:58:22,992 - SENTIMENT_MANAGER - INFO - 📊 EURUSD: 23%↓ 77%↑ → Strong Long (Allowed: ['long'], Blocked: ['short'])
2025-07-31 00:58:22,999 - SENTIMENT_MANAGER - INFO - 📊 GBPUSD: 34%↓ 66%↑ → Strong Long (Allowed: ['long'], Blocked: ['short'])
2025-07-31 00:58:22,999 - SENTIMENT_MANAGER - INFO - 📊 USDJPY: 53%↓ 47%↑ → Balanced (Allowed: ['short', 'long'])
2025-07-31 00:58:22,999 - SENTIMENT_MANAGER - INFO - 📊 GBPJPY: 64%↓ 36%↑ → Strong Short (Allowed: ['short'], Blocked: ['long'])
2025-07-31 00:58:22,999 - SENTIMENT_MANAGER - INFO - 📊 USDCAD: 77%↓ 23%↑ → Strong Short (Allowed: ['short'], Blocked: ['long'])
2025-07-31 00:58:22,999 - SENTIMENT_MANAGER - INFO - 📊 EURAUD: 62%↓ 38%↑ → Strong Short (Allowed: ['short'], Blocked: ['long'])
2025-07-31 00:58:22,999 - SENTIMENT_MANAGER - INFO - 📊 EURJPY: 66%↓ 34%↑ → Strong Short (Allowed: ['short'], Blocked: ['long'])
2025-07-31 00:58:22,999 - SENTIMENT_MANAGER - INFO - 📊 AUDCAD: 27%↓ 73%↑ → Strong Long (Allowed: ['long'], Blocked: ['short'])
2025-07-31 00:58:22,999 - SENTIMENT_MANAGER - INFO - 📊 AUDJPY: 54%↓ 46%↑ → Balanced (Allowed: ['short', 'long'])
2025-07-31 00:58:23,005 - SENTIMENT_MANAGER - INFO - 📊 AUDNZD: 41%↓ 59%↑ → Balanced (Allowed: ['short', 'long'])
2025-07-31 00:58:23,005 - SENTIMENT_MANAGER - INFO - 📊 AUDUSD: 22%↓ 78%↑ → Strong Long (Allowed: ['long'], Blocked: ['short'])
2025-07-31 00:58:23,005 - SENTIMENT_MANAGER - INFO - 📊 CADJPY: 60%↓ 40%↑ → Strong Short (Allowed: ['short'], Blocked: ['long'])
2025-07-31 00:58:23,005 - SENTIMENT_MANAGER - INFO - 📊 EURCAD: 21%↓ 79%↑ → Strong Long (Allowed: ['long'], Blocked: ['short'])
2025-07-31 00:58:23,005 - SENTIMENT_MANAGER - INFO - 📊 EURCHF: 18%↓ 82%↑ → Strong Long (Allowed: ['long'], Blocked: ['short'])
2025-07-31 00:58:23,005 - SENTIMENT_MANAGER - INFO - 📊 EURCZK: 100%↓ 0%↑ → Strong Short (Allowed: ['short'], Blocked: ['long'])
2025-07-31 00:58:23,005 - SENTIMENT_MANAGER - INFO - 📊 EURGBP: 62%↓ 38%↑ → Strong Short (Allowed: ['short'], Blocked: ['long'])
2025-07-31 00:58:23,008 - SENTIMENT_MANAGER - INFO - 📊 EURHUF: 50%↓ 50%↑ → Balanced (Allowed: ['short', 'long'])
2025-07-31 00:58:23,008 - SENTIMENT_MANAGER - INFO - 📊 EURNOK: 21%↓ 79%↑ → Strong Long (Allowed: ['long'], Blocked: ['short'])
2025-07-31 00:58:23,013 - SENTIMENT_MANAGER - INFO - 📊 EURNZD: 53%↓ 47%↑ → Balanced (Allowed: ['short', 'long'])
2025-07-31 00:58:23,013 - SENTIMENT_MANAGER - INFO - 📊 EURPLN: 62%↓ 38%↑ → Strong Short (Allowed: ['short'], Blocked: ['long'])
2025-07-31 00:58:23,013 - SENTIMENT_MANAGER - INFO - 📊 EURSEK: 57%↓ 43%↑ → Balanced (Allowed: ['short', 'long'])
2025-07-31 00:58:23,013 - SENTIMENT_MANAGER - INFO - 📊 EURTRY: 50%↓ 50%↑ → Balanced (Allowed: ['short', 'long'])
2025-07-31 00:58:23,013 - SENTIMENT_MANAGER - INFO - 📊 GBPCAD: 33%↓ 67%↑ → Strong Long (Allowed: ['long'], Blocked: ['short'])
2025-07-31 00:58:23,013 - SENTIMENT_MANAGER - INFO - 📊 GBPCHF: 14%↓ 86%↑ → Strong Long (Allowed: ['long'], Blocked: ['short'])
2025-07-31 00:58:23,017 - SENTIMENT_MANAGER - INFO - 📊 NZDCAD: 32%↓ 68%↑ → Strong Long (Allowed: ['long'], Blocked: ['short'])
2025-07-31 00:58:23,017 - SENTIMENT_MANAGER - INFO - 📊 NZDJPY: 54%↓ 46%↑ → Balanced (Allowed: ['short', 'long'])
2025-07-31 00:58:23,017 - SENTIMENT_MANAGER - INFO - 📊 NZDUSD: 8%↓ 92%↑ → Strong Long (Allowed: ['long'], Blocked: ['short'])
2025-07-31 00:58:23,017 - SENTIMENT_MANAGER - INFO - 📊 USDCHF: 36%↓ 64%↑ → Strong Long (Allowed: ['long'], Blocked: ['short'])
2025-07-31 00:58:23,017 - SENTIMENT_MANAGER - INFO - 📊 USDCZK: 50%↓ 50%↑ → Balanced (Allowed: ['short', 'long'])
2025-07-31 00:58:23,017 - SENTIMENT_MANAGER - INFO - 📊 USDHUF: 11%↓ 89%↑ → Strong Long (Allowed: ['long'], Blocked: ['short'])
2025-07-31 00:58:23,017 - SENTIMENT_MANAGER - INFO - 📊 USDMXN: 46%↓ 54%↑ → Balanced (Allowed: ['short', 'long'])
2025-07-31 00:58:23,017 - SENTIMENT_MANAGER - INFO - 📊 USDNOK: 33%↓ 67%↑ → Strong Long (Allowed: ['long'], Blocked: ['short'])
2025-07-31 00:58:23,017 - SENTIMENT_MANAGER - INFO - 📊 USDPLN: 39%↓ 61%↑ → Strong Long (Allowed: ['long'], Blocked: ['short'])
2025-07-31 00:58:23,022 - SENTIMENT_MANAGER - INFO - 📊 USDSEK: 10%↓ 90%↑ → Strong Long (Allowed: ['long'], Blocked: ['short'])
2025-07-31 00:58:23,022 - SENTIMENT_MANAGER - INFO - 📊 USDSGD: 59%↓ 41%↑ → Balanced (Allowed: ['short', 'long'])
2025-07-31 00:58:23,022 - SENTIMENT_MANAGER - INFO - 📊 USDTHB: 6%↓ 94%↑ → Strong Long (Allowed: ['long'], Blocked: ['short'])
2025-07-31 00:58:23,022 - SENTIMENT_MANAGER - INFO - 📊 USDTRY: 0%↓ 100%↑ → Strong Long (Allowed: ['long'], Blocked: ['short'])
2025-07-31 00:58:23,022 - SENTIMENT_MANAGER - INFO - 📊 USDZAR: 41%↓ 59%↑ → Balanced (Allowed: ['short', 'long'])
2025-07-31 00:58:23,024 - SENTIMENT_MANAGER - INFO - 📊 CHFJPY: 81%↓ 19%↑ → Strong Short (Allowed: ['short'], Blocked: ['long'])
2025-07-31 00:58:23,024 - SENTIMENT_MANAGER - INFO - 📊 AUDCHF: 22%↓ 78%↑ → Strong Long (Allowed: ['long'], Blocked: ['short'])
2025-07-31 00:58:23,024 - SENTIMENT_MANAGER - INFO - 📊 GBPNZD: 52%↓ 48%↑ → Balanced (Allowed: ['short', 'long'])
2025-07-31 00:58:23,024 - SENTIMENT_MANAGER - INFO - 📊 NZDCHF: 19%↓ 81%↑ → Strong Long (Allowed: ['long'], Blocked: ['short'])
2025-07-31 00:58:23,024 - SENTIMENT_MANAGER - INFO - 📊 XAGUSD: 42%↓ 58%↑ → Balanced (Allowed: ['short', 'long'])
2025-07-31 00:58:23,024 - SENTIMENT_MANAGER - INFO - 📊 XAUUSD: 29%↓ 71%↑ → Strong Long (Allowed: ['long'], Blocked: ['short'])
2025-07-31 00:58:23,024 - SENTIMENT_MANAGER - INFO - 📊 CADCHF: 20%↓ 80%↑ → Strong Long (Allowed: ['long'], Blocked: ['short'])
2025-07-31 00:58:23,029 - SENTIMENT_MANAGER - INFO - 📊 GBPAUD: 81%↓ 19%↑ → Strong Short (Allowed: ['short'], Blocked: ['long'])
2025-07-31 00:58:23,029 - SENTIMENT_MANAGER - INFO - 📊 SGDJPY: 8%↓ 92%↑ → Strong Long (Allowed: ['long'], Blocked: ['short'])
2025-07-31 00:58:23,029 - SENTIMENT_MANAGER - INFO - 📊 GBPNOK: 30%↓ 70%↑ → Strong Long (Allowed: ['long'], Blocked: ['short'])
2025-07-31 00:58:23,029 - SENTIMENT_MANAGER - INFO - 📊 EURZAR: 97%↓ 3%↑ → Strong Short (Allowed: ['short'], Blocked: ['long'])
2025-07-31 00:58:23,029 - SENTIMENT_MANAGER - INFO - 📊 AUDSGD: 16%↓ 84%↑ → Strong Long (Allowed: ['long'], Blocked: ['short'])
2025-07-31 00:58:23,029 - SENTIMENT_MANAGER - INFO - 📊 GBPSEK: 39%↓ 61%↑ → Strong Long (Allowed: ['long'], Blocked: ['short'])
2025-07-31 00:58:23,029 - SENTIMENT_MANAGER - INFO - 📊 CHFSGD: 35%↓ 65%↑ → Strong Long (Allowed: ['long'], Blocked: ['short'])
2025-07-31 00:58:23,029 - SENTIMENT_MANAGER - INFO - 📊 EURSGD: 38%↓ 62%↑ → Strong Long (Allowed: ['long'], Blocked: ['short'])
2025-07-31 00:58:23,029 - SENTIMENT_MANAGER - INFO - 📊 GBPSGD: 15%↓ 85%↑ → Strong Long (Allowed: ['long'], Blocked: ['short'])
2025-07-31 00:58:23,029 - SENTIMENT_MANAGER - INFO - 📊 XAUGBP: 14%↓ 86%↑ → Strong Long (Allowed: ['long'], Blocked: ['short'])
2025-07-31 00:58:23,029 - SENTIMENT_MANAGER - INFO - 📊 NOKJPY: 0%↓ 100%↑ → Strong Long (Allowed: ['long'], Blocked: ['short'])
2025-07-31 00:58:23,029 - SENTIMENT_MANAGER - INFO - 📊 ZARJPY: 1%↓ 99%↑ → Strong Long (Allowed: ['long'], Blocked: ['short'])
2025-07-31 00:58:23,029 - SENTIMENT_MANAGER - INFO - 📊 GBPTRY: 100%↓ 0%↑ → Strong Short (Allowed: ['short'], Blocked: ['long'])
2025-07-31 00:58:23,029 - SENTIMENT_MANAGER - INFO - 📊 USDRUB: 0%↓ 100%↑ → Strong Long (Allowed: ['long'], Blocked: ['short'])
2025-07-31 00:58:23,029 - SENTIMENT_MANAGER - INFO - 📊 SEKJPY: 91%↓ 9%↑ → Strong Short (Allowed: ['short'], Blocked: ['long'])
2025-07-31 00:58:23,029 - SENTIMENT_MANAGER - INFO - 📊 EURMXN: 96%↓ 4%↑ → Strong Short (Allowed: ['short'], Blocked: ['long'])
2025-07-31 00:58:23,029 - SENTIMENT_MANAGER - INFO - 📊 XAUAUD: 0%↓ 100%↑ → Strong Long (Allowed: ['long'], Blocked: ['short'])
2025-07-31 00:58:23,029 - SENTIMENT_MANAGER - INFO - 📊 XAUEUR: 80%↓ 20%↑ → Strong Short (Allowed: ['short'], Blocked: ['long'])
2025-07-31 00:58:23,038 - SENTIMENT_MANAGER - INFO - 📊 XAUJPY: 2%↓ 98%↑ → Strong Long (Allowed: ['long'], Blocked: ['short'])
2025-07-31 00:58:23,038 - SENTIMENT_MANAGER - INFO - 📊 XAUCHF: 11%↓ 89%↑ → Strong Long (Allowed: ['long'], Blocked: ['short'])
2025-07-31 00:58:23,038 - SENTIMENT_MANAGER - INFO - 📊 GBPMXN: 0%↓ 100%↑ → Strong Long (Allowed: ['long'], Blocked: ['short'])
2025-07-31 00:58:23,038 - SENTIMENT_MANAGER - INFO - 📊 XAGAUD: 100%↓ 0%↑ → Strong Short (Allowed: ['short'], Blocked: ['long'])
2025-07-31 00:58:23,040 - SENTIMENT_MANAGER - INFO - 📊 NOKSEK: 3%↓ 97%↑ → Strong Long (Allowed: ['long'], Blocked: ['short'])
2025-07-31 00:58:23,040 - SENTIMENT_MANAGER - INFO - 📊 XAGEUR: 10%↓ 90%↑ → Strong Long (Allowed: ['long'], Blocked: ['short'])
2025-07-31 00:58:23,040 - SENTIMENT_MANAGER - INFO - 📊 XPTUSD: 99%↓ 1%↑ → Strong Short (Allowed: ['short'], Blocked: ['long'])
2025-07-31 00:58:23,040 - SENTIMENT_MANAGER - INFO - 📊 XPDUSD: 34%↓ 66%↑ → Strong Long (Allowed: ['long'], Blocked: ['short'])
2025-07-31 00:58:23,040 - SENTIMENT_MANAGER - INFO - 📊 USDCNH: 33%↓ 67%↑ → Strong Long (Allowed: ['long'], Blocked: ['short'])
2025-07-31 00:58:23,040 - SENTIMENT_MANAGER - INFO - ✅ Processed sentiment for 72 pairs
2025-07-31 00:58:23,040 - SENTIMENT_MANAGER - INFO - 📈 Coverage: 10/12 monitored pairs (83.3%)
2025-07-31 00:58:23,055 - SENTIMENT_MANAGER - INFO - 💾 Signals saved to sentiment_signals.json
2025-07-31 00:58:23,055 - SENTIMENT_MANAGER - INFO - ✅ Sentiment signals updated successfully
2025-07-31 00:58:23,055 - SENTIMENT_MANAGER - INFO - 📊 SENTIMENT SUMMARY:
2025-07-31 00:58:23,060 - SENTIMENT_MANAGER - INFO -    Total pairs processed: 72
2025-07-31 00:58:23,060 - SENTIMENT_MANAGER - INFO -    Strong Short signals: 17
2025-07-31 00:58:23,060 - SENTIMENT_MANAGER - INFO -    Strong Long signals: 41
2025-07-31 00:58:23,060 - SENTIMENT_MANAGER - INFO -    Balanced signals: 14
2025-07-31 00:58:23,060 - SENTIMENT_MANAGER - INFO -    🎯 EURUSD: 23%↓ 77%↑ (Blocked: ['short'])
2025-07-31 00:58:23,060 - SENTIMENT_MANAGER - INFO -    🎯 GBPUSD: 34%↓ 66%↑ (Blocked: ['short'])
2025-07-31 00:58:23,063 - SENTIMENT_MANAGER - INFO -    🎯 GBPJPY: 64%↓ 36%↑ (Blocked: ['long'])
2025-07-31 00:58:23,063 - SENTIMENT_MANAGER - INFO -    🎯 USDCAD: 77%↓ 23%↑ (Blocked: ['long'])
2025-07-31 00:58:23,063 - SENTIMENT_MANAGER - INFO -    🎯 EURAUD: 62%↓ 38%↑ (Blocked: ['long'])
2025-07-31 00:58:23,063 - SENTIMENT_MANAGER - INFO -    🎯 EURJPY: 66%↓ 34%↑ (Blocked: ['long'])
2025-07-31 00:58:23,063 - SENTIMENT_MANAGER - INFO -    🎯 AUDCAD: 27%↓ 73%↑ (Blocked: ['short'])
2025-07-31 00:58:23,063 - SENTIMENT_MANAGER - INFO -    🎯 AUDUSD: 22%↓ 78%↑ (Blocked: ['short'])
2025-07-31 00:58:23,063 - SENTIMENT_MANAGER - INFO -    🎯 CADJPY: 60%↓ 40%↑ (Blocked: ['long'])
2025-07-31 00:58:23,063 - SENTIMENT_MANAGER - INFO -    🎯 EURCAD: 21%↓ 79%↑ (Blocked: ['short'])
2025-07-31 00:58:23,063 - SENTIMENT_MANAGER - INFO -    🎯 EURCHF: 18%↓ 82%↑ (Blocked: ['short'])
2025-07-31 00:58:23,063 - SENTIMENT_MANAGER - INFO -    🎯 EURCZK: 100%↓ 0%↑ (Blocked: ['long'])
2025-07-31 00:58:23,063 - SENTIMENT_MANAGER - INFO -    🎯 EURGBP: 62%↓ 38%↑ (Blocked: ['long'])
2025-07-31 00:58:23,063 - SENTIMENT_MANAGER - INFO -    🎯 EURNOK: 21%↓ 79%↑ (Blocked: ['short'])
2025-07-31 00:58:23,063 - SENTIMENT_MANAGER - INFO -    🎯 EURPLN: 62%↓ 38%↑ (Blocked: ['long'])
2025-07-31 00:58:23,063 - SENTIMENT_MANAGER - INFO -    🎯 GBPCAD: 33%↓ 67%↑ (Blocked: ['short'])
2025-07-31 00:58:23,063 - SENTIMENT_MANAGER - INFO -    🎯 GBPCHF: 14%↓ 86%↑ (Blocked: ['short'])
2025-07-31 00:58:23,071 - SENTIMENT_MANAGER - INFO -    🎯 NZDCAD: 32%↓ 68%↑ (Blocked: ['short'])
2025-07-31 00:58:23,071 - SENTIMENT_MANAGER - INFO -    🎯 NZDUSD: 8%↓ 92%↑ (Blocked: ['short'])
2025-07-31 00:58:23,071 - SENTIMENT_MANAGER - INFO -    🎯 USDCHF: 36%↓ 64%↑ (Blocked: ['short'])
2025-07-31 00:58:23,071 - SENTIMENT_MANAGER - INFO -    🎯 USDHUF: 11%↓ 89%↑ (Blocked: ['short'])
2025-07-31 00:58:23,071 - SENTIMENT_MANAGER - INFO -    🎯 USDNOK: 33%↓ 67%↑ (Blocked: ['short'])
2025-07-31 00:58:23,071 - SENTIMENT_MANAGER - INFO -    🎯 USDPLN: 39%↓ 61%↑ (Blocked: ['short'])
2025-07-31 00:58:23,071 - SENTIMENT_MANAGER - INFO -    🎯 USDSEK: 10%↓ 90%↑ (Blocked: ['short'])
2025-07-31 00:58:23,071 - SENTIMENT_MANAGER - INFO -    🎯 USDTHB: 6%↓ 94%↑ (Blocked: ['short'])
2025-07-31 00:58:23,071 - SENTIMENT_MANAGER - INFO -    🎯 USDTRY: 0%↓ 100%↑ (Blocked: ['short'])
2025-07-31 00:58:23,071 - SENTIMENT_MANAGER - INFO -    🎯 CHFJPY: 81%↓ 19%↑ (Blocked: ['long'])
2025-07-31 00:58:23,071 - SENTIMENT_MANAGER - INFO -    🎯 AUDCHF: 22%↓ 78%↑ (Blocked: ['short'])
2025-07-31 00:58:23,071 - SENTIMENT_MANAGER - INFO -    🎯 NZDCHF: 19%↓ 81%↑ (Blocked: ['short'])
2025-07-31 00:58:23,071 - SENTIMENT_MANAGER - INFO -    🎯 XAUUSD: 29%↓ 71%↑ (Blocked: ['short'])
2025-07-31 00:58:23,071 - SENTIMENT_MANAGER - INFO -    🎯 CADCHF: 20%↓ 80%↑ (Blocked: ['short'])
2025-07-31 00:58:23,071 - SENTIMENT_MANAGER - INFO -    🎯 GBPAUD: 81%↓ 19%↑ (Blocked: ['long'])
2025-07-31 00:58:23,085 - SENTIMENT_MANAGER - INFO -    🎯 SGDJPY: 8%↓ 92%↑ (Blocked: ['short'])
2025-07-31 00:58:23,087 - SENTIMENT_MANAGER - INFO -    🎯 GBPNOK: 30%↓ 70%↑ (Blocked: ['short'])
2025-07-31 00:58:23,090 - SENTIMENT_MANAGER - INFO -    🎯 EURZAR: 97%↓ 3%↑ (Blocked: ['long'])
2025-07-31 00:58:23,090 - SENTIMENT_MANAGER - INFO -    🎯 AUDSGD: 16%↓ 84%↑ (Blocked: ['short'])
2025-07-31 00:58:23,090 - SENTIMENT_MANAGER - INFO -    🎯 GBPSEK: 39%↓ 61%↑ (Blocked: ['short'])
2025-07-31 00:58:23,090 - SENTIMENT_MANAGER - INFO -    🎯 CHFSGD: 35%↓ 65%↑ (Blocked: ['short'])
2025-07-31 00:58:23,090 - SENTIMENT_MANAGER - INFO -    🎯 EURSGD: 38%↓ 62%↑ (Blocked: ['short'])
2025-07-31 00:58:23,090 - SENTIMENT_MANAGER - INFO -    🎯 GBPSGD: 15%↓ 85%↑ (Blocked: ['short'])
2025-07-31 00:58:23,090 - SENTIMENT_MANAGER - INFO -    🎯 XAUGBP: 14%↓ 86%↑ (Blocked: ['short'])
2025-07-31 00:58:23,090 - SENTIMENT_MANAGER - INFO -    🎯 NOKJPY: 0%↓ 100%↑ (Blocked: ['short'])
2025-07-31 00:58:23,090 - SENTIMENT_MANAGER - INFO -    🎯 ZARJPY: 1%↓ 99%↑ (Blocked: ['short'])
2025-07-31 00:58:23,090 - SENTIMENT_MANAGER - INFO -    🎯 GBPTRY: 100%↓ 0%↑ (Blocked: ['long'])
2025-07-31 00:58:23,090 - SENTIMENT_MANAGER - INFO -    🎯 USDRUB: 0%↓ 100%↑ (Blocked: ['short'])
2025-07-31 00:58:23,090 - SENTIMENT_MANAGER - INFO -    🎯 SEKJPY: 91%↓ 9%↑ (Blocked: ['long'])
2025-07-31 00:58:23,090 - SENTIMENT_MANAGER - INFO -    🎯 EURMXN: 96%↓ 4%↑ (Blocked: ['long'])
2025-07-31 00:58:23,090 - SENTIMENT_MANAGER - INFO -    🎯 XAUAUD: 0%↓ 100%↑ (Blocked: ['short'])
2025-07-31 00:58:23,090 - SENTIMENT_MANAGER - INFO -    🎯 XAUEUR: 80%↓ 20%↑ (Blocked: ['long'])
2025-07-31 00:58:23,090 - SENTIMENT_MANAGER - INFO -    🎯 XAUJPY: 2%↓ 98%↑ (Blocked: ['short'])
2025-07-31 00:58:23,090 - SENTIMENT_MANAGER - INFO -    🎯 XAUCHF: 11%↓ 89%↑ (Blocked: ['short'])
2025-07-31 00:58:23,103 - SENTIMENT_MANAGER - INFO -    🎯 GBPMXN: 0%↓ 100%↑ (Blocked: ['short'])
2025-07-31 00:58:23,106 - SENTIMENT_MANAGER - INFO -    🎯 XAGAUD: 100%↓ 0%↑ (Blocked: ['long'])
2025-07-31 00:58:23,106 - SENTIMENT_MANAGER - INFO -    🎯 NOKSEK: 3%↓ 97%↑ (Blocked: ['short'])
2025-07-31 00:58:23,106 - SENTIMENT_MANAGER - INFO -    🎯 XAGEUR: 10%↓ 90%↑ (Blocked: ['short'])
2025-07-31 00:58:23,106 - SENTIMENT_MANAGER - INFO -    🎯 XPTUSD: 99%↓ 1%↑ (Blocked: ['long'])
2025-07-31 00:58:23,106 - SENTIMENT_MANAGER - INFO -    🎯 XPDUSD: 34%↓ 66%↑ (Blocked: ['short'])
2025-07-31 00:58:23,106 - SENTIMENT_MANAGER - INFO -    🎯 USDCNH: 33%↓ 67%↑ (Blocked: ['short'])
2025-07-31 00:58:23,140 - SENTIMENT_MANAGER - INFO - 📖 Loaded signals from 2025-07-31 00:58:22.992621 (0.0 minutes old)
2025-07-31 00:58:23,140 - SENTIMENT_MANAGER - INFO - ✅ Scheduled update completed: MyFXBook: 72 pairs, FRESH (0.0m old)
2025-07-31 00:58:23,140 - SENTIMENT_MANAGER - INFO - 🔄 Scheduler thread started
2025-07-31 00:58:23,140 - SENTIMENT_MANAGER - INFO - ✅ Scheduler started - updates every 30 minutes
2025-07-31 00:58:23,151 - SENTIMENT_MANAGER - INFO - 🎯 Sentiment manager running. Press Ctrl+C to stop.
2025-07-31 00:58:27,339 - SENTIMENT_MANAGER - INFO - 🛑 Stop signal received
2025-07-31 00:58:27,339 - SENTIMENT_MANAGER - INFO - 🔄 Shutting down sentiment manager...
2025-07-31 00:58:28,155 - SENTIMENT_MANAGER - INFO - 🔄 Scheduler thread stopped
2025-07-31 00:58:28,157 - SENTIMENT_MANAGER - INFO - 🛑 Sentiment scheduler stopped
2025-07-31 00:58:28,158 - SENTIMENT_MANAGER - INFO - ✅ Sentiment manager stopped
